Removed Pin From Net: NetName=NetP1_16 Pin=P2-2
Removed Pin From Net: NetName=NetP1_16 Pin=P2-3
Removed Pin From Net: NetName=NetP1_16 Pin=P2-4
Removed Pin From Net: NetName=NetP1_16 Pin=P2-5
Removed Pin From Net: NetName=NetP1_16 Pin=P2-6
Removed Pin From Net: NetName=NetP1_16 Pin=P2-7
Removed Pin From Net: NetName=NetP1_16 Pin=P2-8
Removed Pin From Net: NetName=NetP1_16 Pin=P2-9
Removed Pin From Net: NetName=NetP1_16 Pin=P2-10
Removed Pin From Net: NetName=NetP1_16 Pin=P2-11
Removed Pin From Net: NetName=NetP1_16 Pin=P2-13
Removed Pin From Net: NetName=NetP1_16 Pin=P2-14
Removed Pin From Net: NetName=NetP1_16 Pin=P2-16
Added Pin To Net: NetName=Net*_25 Pin=P2-2
Added Pin To Net: NetName=Net*_24 Pin=P2-3
Added Pin To Net: NetName=Net*_23 Pin=P2-4
Added Pin To Net: NetName=Net*_21 Pin=P2-5
Added Pin To Net: NetName=Net*_20 Pin=P2-6
Added Pin To Net: NetName=Net*_19 Pin=P2-7
Added Pin To Net: NetName=Net*_18 Pin=P2-8
Added Pin To Net: NetName=Net*_17 Pin=P2-9
Added Pin To Net: NetName=Net*_16 Pin=P2-10
Added Pin To Net: NetName=Net*_15 Pin=P2-11
Added Pin To Net: NetName=NetP2_13 Pin=P2-13
Added Net: Name=NetP2_13
Added Pin To Net: NetName=NetP2_14 Pin=P2-14
Added Net: Name=NetP2_14
Added Room: Name=Components
Added Room: Name=ESP32-C6-DisplayBoard
